
*** Running vivado
    with args -log tb_binary_divider_2bit.vds -m64 -product Vivado -mode batch -messageDb vivado.pb -notrace -source tb_binary_divider_2bit.tcl



****** Vivado v2025.1 (64-bit)
  **** SW Build 6140274 on Thu May 22 00:12:29 MDT 2025
  **** IP Build 6138677 on Thu May 22 03:10:11 MDT 2025
  **** SharedData Build 6139179 on Tue May 20 17:58:58 MDT 2025
  **** Start of session at: Sun Jan 25 20:09:04 2026
    ** Copyright 1986-2022 Xilinx, Inc. All Rights Reserved.
    ** Copyright 2022-2025 Advanced Micro Devices, Inc. All Rights Reserved.

source tb_binary_divider_2bit.tcl -notrace
create_project: Time (s): cpu = 00:00:09 ; elapsed = 00:00:07 . Memory (MB): peak = 492.855 ; gain = 211.453
Command: read_checkpoint -auto_incremental -incremental {E:/HDL_2026/Week_1/Day_2/Practice/Binary Divider 2 bit/binary_divider_2bit/binary_divider_2bit.srcs/utils_1/imports/synth_1/binary_divider_2bit.dcp}
INFO: [Vivado 12-5825] Read reference checkpoint from E:/HDL_2026/Week_1/Day_2/Practice/Binary Divider 2 bit/binary_divider_2bit/binary_divider_2bit.srcs/utils_1/imports/synth_1/binary_divider_2bit.dcp for incremental synthesis
INFO: [Vivado 12-7989] Please ensure there are no constraint changes
Command: synth_design -top tb_binary_divider_2bit -part xc7a200tsbg484-2L
Starting synth_design
Attempting to get a license for feature 'Synthesis' and/or device 'xc7a200t'
INFO: [Common 17-349] Got license for feature 'Synthesis' and/or device 'xc7a200t'
INFO: [Designutils 20-5440] No compile time benefit to using incremental synthesis; A full resynthesis will be run
INFO: [Designutils 20-4379] Flow is switching to default flow due to incremental criteria not met. If you would like to alter this behaviour and have the flow terminate instead, please set the following parameter config_implementation {autoIncr.Synth.RejectBehavior Terminate}
INFO: [Synth 8-7079] Multithreading enabled for synth_design using a maximum of 2 processes.
INFO: [Synth 8-7078] Launching helper process for spawning children vivado processes
INFO: [Synth 8-7075] Helper process launched with PID 86516
---------------------------------------------------------------------------------
Starting Synthesize : Time (s): cpu = 00:00:05 ; elapsed = 00:00:05 . Memory (MB): peak = 1001.523 ; gain = 495.820
---------------------------------------------------------------------------------
INFO: [Synth 8-6157] synthesizing module 'tb_binary_divider_2bit' [E:/HDL_2026/Week_1/Day_2/Practice/Binary Divider 2 bit/binary_divider_2bit/binary_divider_2bit.srcs/sources_1/new/tb_binary_divider_2bit.v:23]
INFO: [Synth 8-251] time A    B | Q   Rem divide_by_zero [E:/HDL_2026/Week_1/Day_2/Practice/Binary Divider 2 bit/binary_divider_2bit/binary_divider_2bit.srcs/sources_1/new/tb_binary_divider_2bit.v:42]
WARNING: [Synth 8-11581] system task call 'monitor' not supported [E:/HDL_2026/Week_1/Day_2/Practice/Binary Divider 2 bit/binary_divider_2bit/binary_divider_2bit.srcs/sources_1/new/tb_binary_divider_2bit.v:43]
WARNING: [Synth 8-11581] system task call 'finish' not supported [E:/HDL_2026/Week_1/Day_2/Practice/Binary Divider 2 bit/binary_divider_2bit/binary_divider_2bit.srcs/sources_1/new/tb_binary_divider_2bit.v:54]
INFO: [Synth 8-6157] synthesizing module 'binary_divider_2bit' [E:/HDL_2026/Week_1/Day_2/Practice/Binary Divider 2 bit/binary_divider_2bit/binary_divider_2bit.srcs/sources_1/new/binary_divider_2bit.v:1]
INFO: [Synth 8-6155] done synthesizing module 'binary_divider_2bit' (0#1) [E:/HDL_2026/Week_1/Day_2/Practice/Binary Divider 2 bit/binary_divider_2bit/binary_divider_2bit.srcs/sources_1/new/binary_divider_2bit.v:1]
INFO: [Synth 8-6155] done synthesizing module 'tb_binary_divider_2bit' (0#1) [E:/HDL_2026/Week_1/Day_2/Practice/Binary Divider 2 bit/binary_divider_2bit/binary_divider_2bit.srcs/sources_1/new/tb_binary_divider_2bit.v:23]
---------------------------------------------------------------------------------
Finished Synthesize : Time (s): cpu = 00:00:06 ; elapsed = 00:00:06 . Memory (MB): peak = 1105.246 ; gain = 599.543
---------------------------------------------------------------------------------
---------------------------------------------------------------------------------
Finished Constraint Validation : Time (s): cpu = 00:00:07 ; elapsed = 00:00:07 . Memory (MB): peak = 1105.246 ; gain = 599.543
---------------------------------------------------------------------------------
---------------------------------------------------------------------------------
Start Loading Part and Timing Information
---------------------------------------------------------------------------------
Loading part: xc7a200tsbg484-2L
INFO: [Device 21-403] Loading part xc7a200tsbg484-2L
---------------------------------------------------------------------------------
Finished Loading Part and Timing Information : Time (s): cpu = 00:00:07 ; elapsed = 00:00:07 . Memory (MB): peak = 1105.246 ; gain = 599.543
---------------------------------------------------------------------------------
---------------------------------------------------------------------------------
Finished RTL Optimization Phase 2 : Time (s): cpu = 00:00:07 ; elapsed = 00:00:07 . Memory (MB): peak = 1105.246 ; gain = 599.543
---------------------------------------------------------------------------------
No constraint files found.
---------------------------------------------------------------------------------
Start RTL Component Statistics 
---------------------------------------------------------------------------------
Detailed RTL Component Info : 
+---Muxes : 
	   2 Input    2 Bit        Muxes := 2     
---------------------------------------------------------------------------------
Finished RTL Component Statistics 
---------------------------------------------------------------------------------
---------------------------------------------------------------------------------
Start Part Resource Summary
---------------------------------------------------------------------------------
Part Resources:
DSPs: 740 (col length:100)
BRAMs: 730 (col length: RAMB18 100 RAMB36 50)
---------------------------------------------------------------------------------
Finished Part Resource Summary
---------------------------------------------------------------------------------
No constraint files found.
---------------------------------------------------------------------------------
Start Cross Boundary and Area Optimization
---------------------------------------------------------------------------------
WARNING: [Synth 8-7080] Parallel synthesis criteria is not met
---------------------------------------------------------------------------------
Finished Cross Boundary and Area Optimization : Time (s): cpu = 00:00:10 ; elapsed = 00:00:11 . Memory (MB): peak = 1301.938 ; gain = 796.234
---------------------------------------------------------------------------------
No constraint files found.
---------------------------------------------------------------------------------
Start Timing Optimization
---------------------------------------------------------------------------------
---------------------------------------------------------------------------------
Finished Timing Optimization : Time (s): cpu = 00:00:10 ; elapsed = 00:00:11 . Memory (MB): peak = 1326.902 ; gain = 821.199
---------------------------------------------------------------------------------
---------------------------------------------------------------------------------
Start Technology Mapping
---------------------------------------------------------------------------------
---------------------------------------------------------------------------------
Finished Technology Mapping : Time (s): cpu = 00:00:10 ; elapsed = 00:00:11 . Memory (MB): peak = 1326.902 ; gain = 821.199
---------------------------------------------------------------------------------
---------------------------------------------------------------------------------
Start IO Insertion
---------------------------------------------------------------------------------
---------------------------------------------------------------------------------
Start Flattening Before IO Insertion
---------------------------------------------------------------------------------
---------------------------------------------------------------------------------
Finished Flattening Before IO Insertion
---------------------------------------------------------------------------------
---------------------------------------------------------------------------------
Start Final Netlist Cleanup
---------------------------------------------------------------------------------
---------------------------------------------------------------------------------
Finished Final Netlist Cleanup
---------------------------------------------------------------------------------
---------------------------------------------------------------------------------
Finished IO Insertion : Time (s): cpu = 00:00:14 ; elapsed = 00:00:15 . Memory (MB): peak = 1552.188 ; gain = 1046.484
---------------------------------------------------------------------------------
---------------------------------------------------------------------------------
Start Renaming Generated Instances
---------------------------------------------------------------------------------
---------------------------------------------------------------------------------
Finished Renaming Generated Instances : Time (s): cpu = 00:00:14 ; elapsed = 00:00:15 . Memory (MB): peak = 1552.188 ; gain = 1046.484
---------------------------------------------------------------------------------
---------------------------------------------------------------------------------
Start Rebuilding User Hierarchy
---------------------------------------------------------------------------------
---------------------------------------------------------------------------------
Finished Rebuilding User Hierarchy : Time (s): cpu = 00:00:14 ; elapsed = 00:00:15 . Memory (MB): peak = 1552.188 ; gain = 1046.484
---------------------------------------------------------------------------------
---------------------------------------------------------------------------------
Start Renaming Generated Ports
---------------------------------------------------------------------------------
---------------------------------------------------------------------------------
Finished Renaming Generated Ports : Time (s): cpu = 00:00:14 ; elapsed = 00:00:15 . Memory (MB): peak = 1552.188 ; gain = 1046.484
---------------------------------------------------------------------------------
---------------------------------------------------------------------------------
Start Handling Custom Attributes
---------------------------------------------------------------------------------
---------------------------------------------------------------------------------
Finished Handling Custom Attributes : Time (s): cpu = 00:00:14 ; elapsed = 00:00:15 . Memory (MB): peak = 1552.188 ; gain = 1046.484
---------------------------------------------------------------------------------
---------------------------------------------------------------------------------
Start Renaming Generated Nets
---------------------------------------------------------------------------------
---------------------------------------------------------------------------------
Finished Renaming Generated Nets : Time (s): cpu = 00:00:14 ; elapsed = 00:00:15 . Memory (MB): peak = 1552.188 ; gain = 1046.484
---------------------------------------------------------------------------------
---------------------------------------------------------------------------------
Start Writing Synthesis Report
---------------------------------------------------------------------------------

Report BlackBoxes: 
+-+--------------+----------+
| |BlackBox name |Instances |
+-+--------------+----------+
+-+--------------+----------+

Report Cell Usage: 
+-+-----+------+
| |Cell |Count |
+-+-----+------+
+-+-----+------+

Report Instance Areas: 
+------+---------+-------+------+
|      |Instance |Module |Cells |
+------+---------+-------+------+
|1     |top      |       |     0|
+------+---------+-------+------+
---------------------------------------------------------------------------------
Finished Writing Synthesis Report : Time (s): cpu = 00:00:14 ; elapsed = 00:00:15 . Memory (MB): peak = 1552.188 ; gain = 1046.484
---------------------------------------------------------------------------------
Synthesis finished with 0 errors, 0 critical warnings and 3 warnings.
Synthesis Optimization Runtime : Time (s): cpu = 00:00:14 ; elapsed = 00:00:15 . Memory (MB): peak = 1552.188 ; gain = 1046.484
Synthesis Optimization Complete : Time (s): cpu = 00:00:14 ; elapsed = 00:00:15 . Memory (MB): peak = 1552.188 ; gain = 1046.484
INFO: [Project 1-571] Translating synthesized netlist
Netlist sorting complete. Time (s): cpu = 00:00:00 ; elapsed = 00:00:00 . Memory (MB): peak = 1553.180 ; gain = 0.000
INFO: [Project 1-570] Preparing netlist for logic optimization
INFO: [Opt 31-138] Pushed 0 inverter(s) to 0 load pin(s).
Netlist sorting complete. Time (s): cpu = 00:00:00 ; elapsed = 00:00:00 . Memory (MB): peak = 1684.504 ; gain = 0.000
INFO: [Project 1-111] Unisim Transformation Summary:
No Unisim elements were transformed.

Synth Design complete | Checksum: e7ffbbd1
INFO: [Common 17-83] Releasing license: Synthesis
19 Infos, 3 Warnings, 0 Critical Warnings and 0 Errors encountered.
synth_design completed successfully
synth_design: Time (s): cpu = 00:00:16 ; elapsed = 00:00:18 . Memory (MB): peak = 1684.504 ; gain = 1185.891
INFO: [Common 17-1381] The checkpoint 'E:/HDL_2026/Week_1/Day_2/Practice/Binary Divider 2 bit/binary_divider_2bit/binary_divider_2bit.runs/synth_1/tb_binary_divider_2bit.dcp' has been generated.
INFO: [Vivado 12-24828] Executing command : report_utilization -file tb_binary_divider_2bit_utilization_synth.rpt -pb tb_binary_divider_2bit_utilization_synth.pb
INFO: [Common 17-206] Exiting Vivado at Sun Jan 25 20:09:32 2026...
