Vivado Simulator v2025.1.0
Copyright 1986-2022 Xilinx, Inc. All Rights Reserved.
Copyright 2022-2025 Advanced Micro Devices, Inc. All Rights Reserved.
Running: C:/Xilinx/2025.1/Vivado/bin/unwrapped/win64.o/xelab.exe --incr --debug typical --relax --mt 2 -L xil_defaultlib -L unisims_ver -L unimacro_ver -L secureip --snapshot tb_binary_array_multiplier_2x2_behav xil_defaultlib.tb_binary_array_multiplier_2x2 xil_defaultlib.glbl -log elaborate.log 
Using 2 slave threads.
Starting static elaboration
Pass Through NonSizing Optimizer
Completed static elaboration
Starting simulation data flow analysis
WARNING: [XSIM 43-4099] "E:/HDL_2026/Week_1/Day_2/Practice/Binary Array Multiplier_2X2/binary_array_multiplier_2x2/binary_array_multiplier_2x2.srcs/sources_1/new/binary_array_multiplier_2x2.v" Line 1. Module binary_array_multiplier_2x2 doesn't have a timescale but at least one module in design has a timescale.
WARNING: [XSIM 43-4099] "E:/HDL_2026/Week_1/Day_2/Practice/HalfAdder/Synthesis/halfadder.v" Line 1. Module halfadder doesn't have a timescale but at least one module in design has a timescale.
WARNING: [XSIM 43-4099] "E:/HDL_2026/Week_1/Day_2/Practice/HalfAdder/Synthesis/halfadder.v" Line 1. Module halfadder doesn't have a timescale but at least one module in design has a timescale.
WARNING: [XSIM 43-4099] "E:/HDL_2026/Week_1/Day_2/Practice/Binary Array Multiplier_2X2/binary_array_multiplier_2x2/binary_array_multiplier_2x2.srcs/sources_1/new/binary_array_multiplier_2x2.v" Line 1. Module binary_array_multiplier_2x2 doesn't have a timescale but at least one module in design has a timescale.
WARNING: [XSIM 43-4099] "E:/HDL_2026/Week_1/Day_2/Practice/HalfAdder/Synthesis/halfadder.v" Line 1. Module halfadder doesn't have a timescale but at least one module in design has a timescale.
WARNING: [XSIM 43-4099] "E:/HDL_2026/Week_1/Day_2/Practice/HalfAdder/Synthesis/halfadder.v" Line 1. Module halfadder doesn't have a timescale but at least one module in design has a timescale.
Completed simulation data flow analysis
Time Resolution for simulation is 1ps
Compiling module xil_defaultlib.halfadder
Compiling module xil_defaultlib.binary_array_multiplier_2x2
Compiling module xil_defaultlib.tb_binary_array_multiplier_2x2
Compiling module xil_defaultlib.glbl
Built simulation snapshot tb_binary_array_multiplier_2x2_behav
