
*** Running vivado
    with args -log tb_binary_array_multiplier_2x2.vds -m64 -product Vivado -mode batch -messageDb vivado.pb -notrace -source tb_binary_array_multiplier_2x2.tcl



****** Vivado v2025.1 (64-bit)
  **** SW Build 6140274 on Thu May 22 00:12:29 MDT 2025
  **** IP Build 6138677 on Thu May 22 03:10:11 MDT 2025
  **** SharedData Build 6139179 on Tue May 20 17:58:58 MDT 2025
  **** Start of session at: Fri Jan 23 19:42:35 2026
    ** Copyright 1986-2022 Xilinx, Inc. All Rights Reserved.
    ** Copyright 2022-2025 Advanced Micro Devices, Inc. All Rights Reserved.

source tb_binary_array_multiplier_2x2.tcl -notrace
Command: synth_design -top tb_binary_array_multiplier_2x2 -part xc7a200tsbv484-3
Starting synth_design
Attempting to get a license for feature 'Synthesis' and/or device 'xc7a200t'
INFO: [Common 17-349] Got license for feature 'Synthesis' and/or device 'xc7a200t'
INFO: [Synth 8-7079] Multithreading enabled for synth_design using a maximum of 2 processes.
INFO: [Synth 8-7078] Launching helper process for spawning children vivado processes
INFO: [Synth 8-7075] Helper process launched with PID 54756
---------------------------------------------------------------------------------
Starting Synthesize : Time (s): cpu = 00:00:04 ; elapsed = 00:00:04 . Memory (MB): peak = 995.871 ; gain = 497.957
---------------------------------------------------------------------------------
INFO: [Synth 8-6157] synthesizing module 'tb_binary_array_multiplier_2x2' [E:/HDL_2026/Week_1/Day_2/Practice/Binary Array Multiplier_2X2/binary_array_multiplier_2x2/binary_array_multiplier_2x2.srcs/sources_1/new/tb_binary_array_multiplier_2x2.v:23]
INFO: [Synth 8-251] A  B  |  P [E:/HDL_2026/Week_1/Day_2/Practice/Binary Array Multiplier_2X2/binary_array_multiplier_2x2/binary_array_multiplier_2x2.srcs/sources_1/new/tb_binary_array_multiplier_2x2.v:36]
INFO: [Synth 8-251] ------------ [E:/HDL_2026/Week_1/Day_2/Practice/Binary Array Multiplier_2X2/binary_array_multiplier_2x2/binary_array_multiplier_2x2.srcs/sources_1/new/tb_binary_array_multiplier_2x2.v:37]
INFO: [Synth 8-251] 2'b00  2'b00  |  4'bxxxx [E:/HDL_2026/Week_1/Day_2/Practice/Binary Array Multiplier_2X2/binary_array_multiplier_2x2/binary_array_multiplier_2x2.srcs/sources_1/new/tb_binary_array_multiplier_2x2.v:43]
INFO: [Synth 8-251] 2'b00  2'b01  |  4'bxxxx [E:/HDL_2026/Week_1/Day_2/Practice/Binary Array Multiplier_2X2/binary_array_multiplier_2x2/binary_array_multiplier_2x2.srcs/sources_1/new/tb_binary_array_multiplier_2x2.v:43]
INFO: [Synth 8-251] 2'b00  2'b10  |  4'bxxxx [E:/HDL_2026/Week_1/Day_2/Practice/Binary Array Multiplier_2X2/binary_array_multiplier_2x2/binary_array_multiplier_2x2.srcs/sources_1/new/tb_binary_array_multiplier_2x2.v:43]
INFO: [Synth 8-251] 2'b00  2'b11  |  4'bxxxx [E:/HDL_2026/Week_1/Day_2/Practice/Binary Array Multiplier_2X2/binary_array_multiplier_2x2/binary_array_multiplier_2x2.srcs/sources_1/new/tb_binary_array_multiplier_2x2.v:43]
INFO: [Synth 8-251] 2'b01  2'b00  |  4'bxxxx [E:/HDL_2026/Week_1/Day_2/Practice/Binary Array Multiplier_2X2/binary_array_multiplier_2x2/binary_array_multiplier_2x2.srcs/sources_1/new/tb_binary_array_multiplier_2x2.v:43]
INFO: [Synth 8-251] 2'b01  2'b01  |  4'bxxxx [E:/HDL_2026/Week_1/Day_2/Practice/Binary Array Multiplier_2X2/binary_array_multiplier_2x2/binary_array_multiplier_2x2.srcs/sources_1/new/tb_binary_array_multiplier_2x2.v:43]
INFO: [Synth 8-251] 2'b01  2'b10  |  4'bxxxx [E:/HDL_2026/Week_1/Day_2/Practice/Binary Array Multiplier_2X2/binary_array_multiplier_2x2/binary_array_multiplier_2x2.srcs/sources_1/new/tb_binary_array_multiplier_2x2.v:43]
INFO: [Synth 8-251] 2'b01  2'b11  |  4'bxxxx [E:/HDL_2026/Week_1/Day_2/Practice/Binary Array Multiplier_2X2/binary_array_multiplier_2x2/binary_array_multiplier_2x2.srcs/sources_1/new/tb_binary_array_multiplier_2x2.v:43]
INFO: [Synth 8-251] 2'b10  2'b00  |  4'bxxxx [E:/HDL_2026/Week_1/Day_2/Practice/Binary Array Multiplier_2X2/binary_array_multiplier_2x2/binary_array_multiplier_2x2.srcs/sources_1/new/tb_binary_array_multiplier_2x2.v:43]
INFO: [Synth 8-251] 2'b10  2'b01  |  4'bxxxx [E:/HDL_2026/Week_1/Day_2/Practice/Binary Array Multiplier_2X2/binary_array_multiplier_2x2/binary_array_multiplier_2x2.srcs/sources_1/new/tb_binary_array_multiplier_2x2.v:43]
INFO: [Synth 8-251] 2'b10  2'b10  |  4'bxxxx [E:/HDL_2026/Week_1/Day_2/Practice/Binary Array Multiplier_2X2/binary_array_multiplier_2x2/binary_array_multiplier_2x2.srcs/sources_1/new/tb_binary_array_multiplier_2x2.v:43]
INFO: [Synth 8-251] 2'b10  2'b11  |  4'bxxxx [E:/HDL_2026/Week_1/Day_2/Practice/Binary Array Multiplier_2X2/binary_array_multiplier_2x2/binary_array_multiplier_2x2.srcs/sources_1/new/tb_binary_array_multiplier_2x2.v:43]
INFO: [Synth 8-251] 2'b11  2'b00  |  4'bxxxx [E:/HDL_2026/Week_1/Day_2/Practice/Binary Array Multiplier_2X2/binary_array_multiplier_2x2/binary_array_multiplier_2x2.srcs/sources_1/new/tb_binary_array_multiplier_2x2.v:43]
INFO: [Synth 8-251] 2'b11  2'b01  |  4'bxxxx [E:/HDL_2026/Week_1/Day_2/Practice/Binary Array Multiplier_2X2/binary_array_multiplier_2x2/binary_array_multiplier_2x2.srcs/sources_1/new/tb_binary_array_multiplier_2x2.v:43]
INFO: [Synth 8-251] 2'b11  2'b10  |  4'bxxxx [E:/HDL_2026/Week_1/Day_2/Practice/Binary Array Multiplier_2X2/binary_array_multiplier_2x2/binary_array_multiplier_2x2.srcs/sources_1/new/tb_binary_array_multiplier_2x2.v:43]
INFO: [Synth 8-251] 2'b11  2'b11  |  4'bxxxx [E:/HDL_2026/Week_1/Day_2/Practice/Binary Array Multiplier_2X2/binary_array_multiplier_2x2/binary_array_multiplier_2x2.srcs/sources_1/new/tb_binary_array_multiplier_2x2.v:43]
WARNING: [Synth 8-11581] system task call 'finish' not supported [E:/HDL_2026/Week_1/Day_2/Practice/Binary Array Multiplier_2X2/binary_array_multiplier_2x2/binary_array_multiplier_2x2.srcs/sources_1/new/tb_binary_array_multiplier_2x2.v:50]
INFO: [Synth 8-6157] synthesizing module 'binary_array_multiplier_2x2' [E:/HDL_2026/Week_1/Day_2/Practice/Binary Array Multiplier_2X2/binary_array_multiplier_2x2/binary_array_multiplier_2x2.srcs/sources_1/new/binary_array_multiplier_2x2.v:1]
INFO: [Synth 8-6157] synthesizing module 'halfadder' [E:/HDL_2026/Week_1/Day_2/Practice/HalfAdder/Synthesis/halfadder.v:1]
INFO: [Synth 8-6155] done synthesizing module 'halfadder' (0#1) [E:/HDL_2026/Week_1/Day_2/Practice/HalfAdder/Synthesis/halfadder.v:1]
INFO: [Synth 8-6155] done synthesizing module 'binary_array_multiplier_2x2' (0#1) [E:/HDL_2026/Week_1/Day_2/Practice/Binary Array Multiplier_2X2/binary_array_multiplier_2x2/binary_array_multiplier_2x2.srcs/sources_1/new/binary_array_multiplier_2x2.v:1]
INFO: [Synth 8-6155] done synthesizing module 'tb_binary_array_multiplier_2x2' (0#1) [E:/HDL_2026/Week_1/Day_2/Practice/Binary Array Multiplier_2X2/binary_array_multiplier_2x2/binary_array_multiplier_2x2.srcs/sources_1/new/tb_binary_array_multiplier_2x2.v:23]
---------------------------------------------------------------------------------
Finished Synthesize : Time (s): cpu = 00:00:05 ; elapsed = 00:00:05 . Memory (MB): peak = 1102.012 ; gain = 604.098
---------------------------------------------------------------------------------
---------------------------------------------------------------------------------
Finished Constraint Validation : Time (s): cpu = 00:00:05 ; elapsed = 00:00:06 . Memory (MB): peak = 1102.012 ; gain = 604.098
---------------------------------------------------------------------------------
---------------------------------------------------------------------------------
Start Loading Part and Timing Information
---------------------------------------------------------------------------------
Loading part: xc7a200tsbv484-3
INFO: [Device 21-403] Loading part xc7a200tsbv484-3
---------------------------------------------------------------------------------
Finished Loading Part and Timing Information : Time (s): cpu = 00:00:05 ; elapsed = 00:00:06 . Memory (MB): peak = 1102.012 ; gain = 604.098
---------------------------------------------------------------------------------
---------------------------------------------------------------------------------
Finished RTL Optimization Phase 2 : Time (s): cpu = 00:00:05 ; elapsed = 00:00:06 . Memory (MB): peak = 1102.012 ; gain = 604.098
---------------------------------------------------------------------------------
No constraint files found.
---------------------------------------------------------------------------------
Start RTL Component Statistics 
---------------------------------------------------------------------------------
Detailed RTL Component Info : 
+---XORs : 
	   2 Input      1 Bit         XORs := 2     
---------------------------------------------------------------------------------
Finished RTL Component Statistics 
---------------------------------------------------------------------------------
---------------------------------------------------------------------------------
Start Part Resource Summary
---------------------------------------------------------------------------------
Part Resources:
DSPs: 740 (col length:100)
BRAMs: 730 (col length: RAMB18 100 RAMB36 50)
---------------------------------------------------------------------------------
Finished Part Resource Summary
---------------------------------------------------------------------------------
No constraint files found.
---------------------------------------------------------------------------------
Start Cross Boundary and Area Optimization
---------------------------------------------------------------------------------
WARNING: [Synth 8-7080] Parallel synthesis criteria is not met
---------------------------------------------------------------------------------
Finished Cross Boundary and Area Optimization : Time (s): cpu = 00:00:08 ; elapsed = 00:00:10 . Memory (MB): peak = 1297.348 ; gain = 799.434
---------------------------------------------------------------------------------
No constraint files found.
---------------------------------------------------------------------------------
Start Timing Optimization
---------------------------------------------------------------------------------
---------------------------------------------------------------------------------
Finished Timing Optimization : Time (s): cpu = 00:00:08 ; elapsed = 00:00:10 . Memory (MB): peak = 1322.238 ; gain = 824.324
---------------------------------------------------------------------------------
---------------------------------------------------------------------------------
Start Technology Mapping
---------------------------------------------------------------------------------
---------------------------------------------------------------------------------
Finished Technology Mapping : Time (s): cpu = 00:00:08 ; elapsed = 00:00:10 . Memory (MB): peak = 1322.238 ; gain = 824.324
---------------------------------------------------------------------------------
---------------------------------------------------------------------------------
Start IO Insertion
---------------------------------------------------------------------------------
---------------------------------------------------------------------------------
Start Flattening Before IO Insertion
---------------------------------------------------------------------------------
---------------------------------------------------------------------------------
Finished Flattening Before IO Insertion
---------------------------------------------------------------------------------
---------------------------------------------------------------------------------
Start Final Netlist Cleanup
---------------------------------------------------------------------------------
---------------------------------------------------------------------------------
Finished Final Netlist Cleanup
---------------------------------------------------------------------------------
---------------------------------------------------------------------------------
Finished IO Insertion : Time (s): cpu = 00:00:11 ; elapsed = 00:00:13 . Memory (MB): peak = 1548.094 ; gain = 1050.180
---------------------------------------------------------------------------------
---------------------------------------------------------------------------------
Start Renaming Generated Instances
---------------------------------------------------------------------------------
---------------------------------------------------------------------------------
Finished Renaming Generated Instances : Time (s): cpu = 00:00:11 ; elapsed = 00:00:13 . Memory (MB): peak = 1548.094 ; gain = 1050.180
---------------------------------------------------------------------------------
---------------------------------------------------------------------------------
Start Rebuilding User Hierarchy
---------------------------------------------------------------------------------
---------------------------------------------------------------------------------
Finished Rebuilding User Hierarchy : Time (s): cpu = 00:00:11 ; elapsed = 00:00:13 . Memory (MB): peak = 1548.094 ; gain = 1050.180
---------------------------------------------------------------------------------
---------------------------------------------------------------------------------
Start Renaming Generated Ports
---------------------------------------------------------------------------------
---------------------------------------------------------------------------------
Finished Renaming Generated Ports : Time (s): cpu = 00:00:11 ; elapsed = 00:00:13 . Memory (MB): peak = 1548.094 ; gain = 1050.180
---------------------------------------------------------------------------------
---------------------------------------------------------------------------------
Start Handling Custom Attributes
---------------------------------------------------------------------------------
---------------------------------------------------------------------------------
Finished Handling Custom Attributes : Time (s): cpu = 00:00:11 ; elapsed = 00:00:13 . Memory (MB): peak = 1548.094 ; gain = 1050.180
---------------------------------------------------------------------------------
---------------------------------------------------------------------------------
Start Renaming Generated Nets
---------------------------------------------------------------------------------
---------------------------------------------------------------------------------
Finished Renaming Generated Nets : Time (s): cpu = 00:00:11 ; elapsed = 00:00:13 . Memory (MB): peak = 1548.094 ; gain = 1050.180
---------------------------------------------------------------------------------
---------------------------------------------------------------------------------
Start Writing Synthesis Report
---------------------------------------------------------------------------------

Report BlackBoxes: 
+-+--------------+----------+
| |BlackBox name |Instances |
+-+--------------+----------+
+-+--------------+----------+

Report Cell Usage: 
+-+-----+------+
| |Cell |Count |
+-+-----+------+
+-+-----+------+

Report Instance Areas: 
+------+---------+-------+------+
|      |Instance |Module |Cells |
+------+---------+-------+------+
|1     |top      |       |     0|
+------+---------+-------+------+
---------------------------------------------------------------------------------
Finished Writing Synthesis Report : Time (s): cpu = 00:00:11 ; elapsed = 00:00:13 . Memory (MB): peak = 1548.094 ; gain = 1050.180
---------------------------------------------------------------------------------
Synthesis finished with 0 errors, 0 critical warnings and 2 warnings.
Synthesis Optimization Runtime : Time (s): cpu = 00:00:11 ; elapsed = 00:00:13 . Memory (MB): peak = 1548.094 ; gain = 1050.180
Synthesis Optimization Complete : Time (s): cpu = 00:00:11 ; elapsed = 00:00:13 . Memory (MB): peak = 1548.094 ; gain = 1050.180
INFO: [Project 1-571] Translating synthesized netlist
Netlist sorting complete. Time (s): cpu = 00:00:00 ; elapsed = 00:00:00 . Memory (MB): peak = 1549.137 ; gain = 0.000
INFO: [Project 1-570] Preparing netlist for logic optimization
INFO: [Opt 31-138] Pushed 0 inverter(s) to 0 load pin(s).
Netlist sorting complete. Time (s): cpu = 00:00:00 ; elapsed = 00:00:00 . Memory (MB): peak = 1679.598 ; gain = 0.000
INFO: [Project 1-111] Unisim Transformation Summary:
No Unisim elements were transformed.

Synth Design complete | Checksum: e154f236
INFO: [Common 17-83] Releasing license: Synthesis
34 Infos, 2 Warnings, 0 Critical Warnings and 0 Errors encountered.
synth_design completed successfully
synth_design: Time (s): cpu = 00:00:13 ; elapsed = 00:00:16 . Memory (MB): peak = 1679.598 ; gain = 1186.613
INFO: [Common 17-1381] The checkpoint 'E:/HDL_2026/Week_1/Day_2/Practice/Binary Array Multiplier_2X2/binary_array_multiplier_2x2/binary_array_multiplier_2x2.runs/synth_1/tb_binary_array_multiplier_2x2.dcp' has been generated.
INFO: [Vivado 12-24828] Executing command : report_utilization -file tb_binary_array_multiplier_2x2_utilization_synth.rpt -pb tb_binary_array_multiplier_2x2_utilization_synth.pb
INFO: [Common 17-206] Exiting Vivado at Fri Jan 23 19:42:57 2026...
